[2018-10-05 22:06:56] api[].ERROR: Directus\Exception\NotInstalledException: This instance of the Directus API has not been configured properly. Read More at: https://github.com/directus in /var/www/html/src/core/Directus/Application/ErrorHandlers/NotInstalledNotFoundHandler.php:21
Stack trace:
#0 /var/www/html/vendor/slim/slim/Slim/App.php(530): Directus\Application\ErrorHandlers\NotInstalledNotFoundHandler->__invoke(Object(Directus\Application\Http\Request), Object(Directus\Application\Http\Response))
#1 /var/www/html/src/core/Directus/Application/Http/Middleware/CorsMiddleware.php(66): Slim\App->__invoke(Object(Directus\Application\Http\Request), Object(Directus\Application\Http\Response))
#2 [internal function]: Directus\Application\Http\Middleware\CorsMiddleware->__invoke(Object(Directus\Application\Http\Request), Object(Directus\Application\Http\Response), Object(Directus\Application\Application))
#3 /var/www/html/vendor/slim/slim/Slim/DeferredCallable.php(43): call_user_func_array(Object(Directus\Application\Http\Middleware\CorsMiddleware), Array)
#4 [internal function]: Slim\DeferredCallable->__invoke(Object(Directus\Application\Http\Request), Object(Directus\Application\Http\Response), Object(Directus\Application\Application))
#5 /var/www/html/vendor/slim/slim/Slim/MiddlewareAwareTrait.php(70): call_user_func(Object(Slim\DeferredCallable), Object(Directus\Application\Http\Request), Object(Directus\Application\Http\Response), Object(Directus\Application\Application))
#6 /var/www/html/vendor/slim/slim/Slim/MiddlewareAwareTrait.php(117): Slim\App->Slim\{closure}(Object(Directus\Application\Http\Request), Object(Directus\Application\Http\Response))
#7 /var/www/html/vendor/slim/slim/Slim/App.php(406): Slim\App->callMiddlewareStack(Object(Directus\Application\Http\Request), Object(Directus\Application\Http\Response))
#8 /var/www/html/vendor/slim/slim/Slim/App.php(314): Slim\App->process(Object(Directus\Application\Http\Request), Object(Directus\Application\Http\Response))
#9 /var/www/html/src/core/Directus/Application/Application.php(161): Slim\App->run(false)
#10 /var/www/html/public/index.php(5): Directus\Application\Application->run()
#11 {main} [] []
[2018-10-05 22:10:20] api[].ERROR: Directus\Exception\NotInstalledException: This instance of the Directus API has not been configured properly. Read More at: https://github.com/directus in /var/www/html/src/core/Directus/Application/ErrorHandlers/NotInstalledNotFoundHandler.php:21
Stack trace:
#0 /var/www/html/vendor/slim/slim/Slim/App.php(530): Directus\Application\ErrorHandlers\NotInstalledNotFoundHandler->__invoke(Object(Directus\Application\Http\Request), Object(Directus\Application\Http\Response))
#1 /var/www/html/src/core/Directus/Application/Http/Middleware/CorsMiddleware.php(66): Slim\App->__invoke(Object(Directus\Application\Http\Request), Object(Directus\Application\Http\Response))
#2 [internal function]: Directus\Application\Http\Middleware\CorsMiddleware->__invoke(Object(Directus\Application\Http\Request), Object(Directus\Application\Http\Response), Object(Directus\Application\Application))
#3 /var/www/html/vendor/slim/slim/Slim/DeferredCallable.php(43): call_user_func_array(Object(Directus\Application\Http\Middleware\CorsMiddleware), Array)
#4 [internal function]: Slim\DeferredCallable->__invoke(Object(Directus\Application\Http\Request), Object(Directus\Application\Http\Response), Object(Directus\Application\Application))
#5 /var/www/html/vendor/slim/slim/Slim/MiddlewareAwareTrait.php(70): call_user_func(Object(Slim\DeferredCallable), Object(Directus\Application\Http\Request), Object(Directus\Application\Http\Response), Object(Directus\Application\Application))
#6 /var/www/html/vendor/slim/slim/Slim/MiddlewareAwareTrait.php(117): Slim\App->Slim\{closure}(Object(Directus\Application\Http\Request), Object(Directus\Application\Http\Response))
#7 /var/www/html/vendor/slim/slim/Slim/App.php(406): Slim\App->callMiddlewareStack(Object(Directus\Application\Http\Request), Object(Directus\Application\Http\Response))
#8 /var/www/html/vendor/slim/slim/Slim/App.php(314): Slim\App->process(Object(Directus\Application\Http\Request), Object(Directus\Application\Http\Response))
#9 /var/www/html/src/core/Directus/Application/Application.php(161): Slim\App->run(false)
#10 /var/www/html/public/index.php(5): Directus\Application\Application->run()
#11 {main} [] []
[2018-10-05 22:10:29] api[_].ERROR: Directus\Exception\NotInstalledException: This instance of the Directus API has not been configured properly. Read More at: https://github.com/directus in /var/www/html/src/core/Directus/Application/ErrorHandlers/NotInstalledNotFoundHandler.php:21
Stack trace:
#0 /var/www/html/vendor/slim/slim/Slim/App.php(530): Directus\Application\ErrorHandlers\NotInstalledNotFoundHandler->__invoke(Object(Directus\Application\Http\Request), Object(Directus\Application\Http\Response))
#1 /var/www/html/src/core/Directus/Application/Http/Middleware/CorsMiddleware.php(66): Slim\App->__invoke(Object(Directus\Application\Http\Request), Object(Directus\Application\Http\Response))
#2 [internal function]: Directus\Application\Http\Middleware\CorsMiddleware->__invoke(Object(Directus\Application\Http\Request), Object(Directus\Application\Http\Response), Object(Directus\Application\Application))
#3 /var/www/html/vendor/slim/slim/Slim/DeferredCallable.php(43): call_user_func_array(Object(Directus\Application\Http\Middleware\CorsMiddleware), Array)
#4 [internal function]: Slim\DeferredCallable->__invoke(Object(Directus\Application\Http\Request), Object(Directus\Application\Http\Response), Object(Directus\Application\Application))
#5 /var/www/html/vendor/slim/slim/Slim/MiddlewareAwareTrait.php(70): call_user_func(Object(Slim\DeferredCallable), Object(Directus\Application\Http\Request), Object(Directus\Application\Http\Response), Object(Directus\Application\Application))
#6 /var/www/html/vendor/slim/slim/Slim/MiddlewareAwareTrait.php(117): Slim\App->Slim\{closure}(Object(Directus\Application\Http\Request), Object(Directus\Application\Http\Response))
#7 /var/www/html/vendor/slim/slim/Slim/App.php(406): Slim\App->callMiddlewareStack(Object(Directus\Application\Http\Request), Object(Directus\Application\Http\Response))
#8 /var/www/html/vendor/slim/slim/Slim/App.php(314): Slim\App->process(Object(Directus\Application\Http\Request), Object(Directus\Application\Http\Response))
#9 /var/www/html/src/core/Directus/Application/Application.php(161): Slim\App->run(false)
#10 /var/www/html/public/index.php(5): Directus\Application\Application->run()
#11 {main} [] []
[2018-10-05 22:13:52] api[projects].ERROR: Directus\Exception\Exception: Cannot connect to the database in /var/www/html/src/core/Directus/Util/Installation/InstallerUtils.php:126
Stack trace:
#0 /var/www/html/src/core/Directus/Util/Installation/InstallerUtils.php(84): Directus\Util\Installation\InstallerUtils::ensureDatabaseConnectionFromData(Array)
#1 /var/www/html/src/core/Directus/Services/ProjectService.php(56): Directus\Util\Installation\InstallerUtils::ensureCanCreateTables('/var/www/html', Array, false)
#2 /var/www/html/src/endpoints/Projects.php(22): Directus\Services\ProjectService->create(Array)
#3 [internal function]: Directus\Api\Routes\Projects->create(Object(Directus\Application\Http\Request), Object(Directus\Application\Http\Response), Array)
#4 /var/www/html/vendor/slim/slim/Slim/Handlers/Strategies/RequestResponse.php(41): call_user_func(Array, Object(Directus\Application\Http\Request), Object(Directus\Application\Http\Response), Array)
#5 /var/www/html/vendor/slim/slim/Slim/Route.php(356): Slim\Handlers\Strategies\RequestResponse->__invoke(Array, Object(Directus\Application\Http\Request), Object(Directus\Application\Http\Response), Array)
#6 /var/www/html/vendor/slim/slim/Slim/MiddlewareAwareTrait.php(117): Slim\Route->__invoke(Object(Directus\Application\Http\Request), Object(Directus\Application\Http\Response))
#7 /var/www/html/vendor/slim/slim/Slim/Route.php(334): Slim\Route->callMiddlewareStack(Object(Directus\Application\Http\Request), Object(Directus\Application\Http\Response))
#8 /var/www/html/vendor/slim/slim/Slim/App.php(515): Slim\Route->run(Object(Directus\Application\Http\Request), Object(Directus\Application\Http\Response))
#9 /var/www/html/src/core/Directus/Application/Http/Middleware/CorsMiddleware.php(66): Slim\App->__invoke(Object(Directus\Application\Http\Request), Object(Directus\Application\Http\Response))
#10 [internal function]: Directus\Application\Http\Middleware\CorsMiddleware->__invoke(Object(Directus\Application\Http\Request), Object(Directus\Application\Http\Response), Object(Directus\Application\Application))
#11 /var/www/html/vendor/slim/slim/Slim/DeferredCallable.php(43): call_user_func_array(Object(Directus\Application\Http\Middleware\CorsMiddleware), Array)
#12 [internal function]: Slim\DeferredCallable->__invoke(Object(Directus\Application\Http\Request), Object(Directus\Application\Http\Response), Object(Directus\Application\Application))
#13 /var/www/html/vendor/slim/slim/Slim/MiddlewareAwareTrait.php(70): call_user_func(Object(Slim\DeferredCallable), Object(Directus\Application\Http\Request), Object(Directus\Application\Http\Response), Object(Directus\Application\Application))
#14 /var/www/html/vendor/slim/slim/Slim/MiddlewareAwareTrait.php(117): Slim\App->Slim\{closure}(Object(Directus\Application\Http\Request), Object(Directus\Application\Http\Response))
#15 /var/www/html/vendor/slim/slim/Slim/App.php(406): Slim\App->callMiddlewareStack(Object(Directus\Application\Http\Request), Object(Directus\Application\Http\Response))
#16 /var/www/html/vendor/slim/slim/Slim/App.php(314): Slim\App->process(Object(Directus\Application\Http\Request), Object(Directus\Application\Http\Response))
#17 /var/www/html/src/core/Directus/Application/Application.php(161): Slim\App->run(false)
#18 /var/www/html/public/index.php(5): Directus\Application\Application->run()
#19 {main} [] []
[2018-10-05 22:14:12] api[projects].ERROR: Directus\Exception\Exception: Cannot connect to the database in /var/www/html/src/core/Directus/Util/Installation/InstallerUtils.php:126
Stack trace:
#0 /var/www/html/src/core/Directus/Util/Installation/InstallerUtils.php(84): Directus\Util\Installation\InstallerUtils::ensureDatabaseConnectionFromData(Array)
#1 /var/www/html/src/core/Directus/Services/ProjectService.php(56): Directus\Util\Installation\InstallerUtils::ensureCanCreateTables('/var/www/html', Array, false)
#2 /var/www/html/src/endpoints/Projects.php(22): Directus\Services\ProjectService->create(Array)
#3 [internal function]: Directus\Api\Routes\Projects->create(Object(Directus\Application\Http\Request), Object(Directus\Application\Http\Response), Array)
#4 /var/www/html/vendor/slim/slim/Slim/Handlers/Strategies/RequestResponse.php(41): call_user_func(Array, Object(Directus\Application\Http\Request), Object(Directus\Application\Http\Response), Array)
#5 /var/www/html/vendor/slim/slim/Slim/Route.php(356): Slim\Handlers\Strategies\RequestResponse->__invoke(Array, Object(Directus\Application\Http\Request), Object(Directus\Application\Http\Response), Array)
#6 /var/www/html/vendor/slim/slim/Slim/MiddlewareAwareTrait.php(117): Slim\Route->__invoke(Object(Directus\Application\Http\Request), Object(Directus\Application\Http\Response))
#7 /var/www/html/vendor/slim/slim/Slim/Route.php(334): Slim\Route->callMiddlewareStack(Object(Directus\Application\Http\Request), Object(Directus\Application\Http\Response))
#8 /var/www/html/vendor/slim/slim/Slim/App.php(515): Slim\Route->run(Object(Directus\Application\Http\Request), Object(Directus\Application\Http\Response))
#9 /var/www/html/src/core/Directus/Application/Http/Middleware/CorsMiddleware.php(66): Slim\App->__invoke(Object(Directus\Application\Http\Request), Object(Directus\Application\Http\Response))
#10 [internal function]: Directus\Application\Http\Middleware\CorsMiddleware->__invoke(Object(Directus\Application\Http\Request), Object(Directus\Application\Http\Response), Object(Directus\Application\Application))
#11 /var/www/html/vendor/slim/slim/Slim/DeferredCallable.php(43): call_user_func_array(Object(Directus\Application\Http\Middleware\CorsMiddleware), Array)
#12 [internal function]: Slim\DeferredCallable->__invoke(Object(Directus\Application\Http\Request), Object(Directus\Application\Http\Response), Object(Directus\Application\Application))
#13 /var/www/html/vendor/slim/slim/Slim/MiddlewareAwareTrait.php(70): call_user_func(Object(Slim\DeferredCallable), Object(Directus\Application\Http\Request), Object(Directus\Application\Http\Response), Object(Directus\Application\Application))
#14 /var/www/html/vendor/slim/slim/Slim/MiddlewareAwareTrait.php(117): Slim\App->Slim\{closure}(Object(Directus\Application\Http\Request), Object(Directus\Application\Http\Response))
#15 /var/www/html/vendor/slim/slim/Slim/App.php(406): Slim\App->callMiddlewareStack(Object(Directus\Application\Http\Request), Object(Directus\Application\Http\Response))
#16 /var/www/html/vendor/slim/slim/Slim/App.php(314): Slim\App->process(Object(Directus\Application\Http\Request), Object(Directus\Application\Http\Response))
#17 /var/www/html/src/core/Directus/Application/Application.php(161): Slim\App->run(false)
#18 /var/www/html/public/index.php(5): Directus\Application\Application->run()
#19 {main} [] []
