Feb 03 21:49:41 [info] CREATE TABLE `schema_migrations` (
`version` varchar(255))  DEFAULT CHARSET=utf8;
Feb 03 21:49:41 [info] CREATE UNIQUE INDEX idx_schema_migrations_version ON `schema_migrations`(`version`)
Feb 03 21:53:43 [info] SELECT version FROM schema_migrations
Feb 03 22:02:43 [info] CREATE TABLE `schema_migrations` (
`version` varchar(255))  DEFAULT CHARSET=utf8;
Feb 03 22:02:43 [info] CREATE UNIQUE INDEX idx_schema_migrations_version ON `schema_migrations`(`version`)
Feb 03 22:11:37 [info] SELECT version FROM schema_migrations
Feb 03 22:11:37 [info] SELECT version FROM schema_migrations
Feb 03 22:11:37 [info] SELECT version FROM schema_migrations
Feb 03 22:12:15 [info] SELECT version FROM schema_migrations
Feb 03 22:12:15 [info] SELECT version FROM schema_migrations
Feb 03 22:12:15 [info] SELECT version FROM schema_migrations
Feb 03 22:12:15 [info] INSERT INTO schema_migrations (version) VALUES ('20150203220306')
Feb 03 22:14:14 [info] SELECT version FROM schema_migrations
Feb 03 22:14:14 [info] SELECT version FROM schema_migrations
Feb 03 22:14:14 [info] SELECT version FROM schema_migrations
Feb 03 22:17:23 [info] SELECT version FROM schema_migrations
Feb 03 22:17:23 [info] SELECT version FROM schema_migrations
Feb 03 22:17:23 [info] SELECT version FROM schema_migrations
Feb 03 22:19:11 [info] SELECT version FROM schema_migrations
Feb 03 22:19:11 [info] SELECT version FROM schema_migrations
Feb 03 22:19:11 [info] SELECT version FROM schema_migrations
Feb 03 22:19:11 [info] ALTER TABLE `directus_groups` ADD `deleted_at` datetime
Feb 03 22:20:16 [info] SELECT version FROM schema_migrations
Feb 03 22:20:16 [info] SELECT version FROM schema_migrations
Feb 03 22:20:16 [info] SELECT version FROM schema_migrations
Feb 03 22:20:16 [info] CREATE TABLE `directus_groups` (
`id` int(11) UNSIGNED auto_increment NOT NULL,
`name` varchar(100),
`description` varchar(500),
`restrict_to_ip_whitelist` tinyint DEFAULT 0 NOT NULL,
 PRIMARY KEY (`id`)) Engine=InnoDB DEFAULT CHARSET=utf8;
Feb 03 22:20:16 [info] INSERT INTO schema_migrations (version) VALUES ('20150203221946')
Feb 03 23:43:27 [info] SELECT version FROM schema_migrations
Feb 03 23:43:27 [info] SELECT version FROM schema_migrations
Feb 03 23:43:27 [info] SELECT version FROM schema_migrations
Feb 03 23:44:05 [info] SELECT version FROM schema_migrations
Feb 03 23:44:05 [info] SELECT version FROM schema_migrations
Feb 03 23:44:05 [info] SELECT version FROM schema_migrations
Feb 03 23:44:20 [info] SELECT version FROM schema_migrations
Feb 03 23:44:20 [info] SELECT version FROM schema_migrations
Feb 03 23:44:20 [info] SELECT version FROM schema_migrations
Feb 03 23:44:20 [info] CREATE TABLE `directus_groups` (
`id` int(11) UNSIGNED auto_increment NOT NULL,
`name` varchar(100),
`description` varchar(500),
`restrict_to_ip_whitelist` tinyint(1) DEFAULT 0 NOT NULL,
 PRIMARY KEY (`id`)) Engine=InnoDB DEFAULT CHARSET=utf8;
Feb 03 23:44:20 [info] INSERT INTO schema_migrations (version) VALUES ('20150203221946')
Feb 03 23:48:38 [info] SELECT version FROM schema_migrations
Feb 03 23:48:38 [info] SELECT version FROM schema_migrations
Feb 03 23:48:38 [info] SELECT version FROM schema_migrations
Feb 04 00:01:14 [info] SELECT version FROM schema_migrations
Feb 04 00:01:14 [info] SELECT version FROM schema_migrations
Feb 04 00:01:14 [info] SELECT version FROM schema_migrations
Feb 04 00:01:14 [info] CREATE TABLE `directus_activity` (
`id` int(11) UNSIGNED auto_increment NOT NULL,
`type` varchar(100),
 PRIMARY KEY (`id`)) Engine=InnoDB CHARSET=utf8 COMMENT='Contains history of revisions' DEFAULT CHARSET=utf8;
Feb 04 00:01:14 [info] INSERT INTO schema_migrations (version) VALUES ('20150203235646')
Feb 04 00:12:25 [info] SELECT version FROM schema_migrations
Feb 04 00:12:25 [info] SELECT version FROM schema_migrations
Feb 04 00:12:25 [info] SELECT version FROM schema_migrations
Feb 04 00:12:25 [info] CREATE TABLE `directus_groups` (
`id` int(11) UNSIGNED auto_increment NOT NULL,
`name` varchar(100),
`description` varchar(500),
`restrict_to_ip_whitelist` tinyint(1) DEFAULT 0 NOT NULL,
 PRIMARY KEY (`id`)) Engine=InnoDB DEFAULT CHARSET=utf8;
Feb 04 00:12:25 [info] INSERT INTO schema_migrations (version) VALUES ('20150203221946')
Feb 04 00:12:25 [info] CREATE TABLE `directus_activity` (
`id` int(11) UNSIGNED auto_increment NOT NULL,
`type` varchar(100),
`action` varchar(100) NOT NULL,
`identifier` varchar(100),
`table_name` varchar(100) DEFAULT '' NOT NULL,
`row_id` int(10) DEFAULT 0,
`user` int(10) DEFAULT 0 NOT NULL,
`data` text,
`delta` text NOT NULL,
`parent_id` int(11),
`parent_changed` tinyint(1) NOT NULL COMMENT 'Did the top-level record in the change set alter (scalar values/many-to-one relationships)? Or only the data within its related foreign collection records? (*toMany)',
`datetime` datetime,
`logged_ip` varchar(20),
 PRIMARY KEY (`id`)) Engine=InnoDB CHARSET=utf8 COMMENT='Contains history of revisions' DEFAULT CHARSET=utf8;
Feb 04 00:12:25 [info] INSERT INTO schema_migrations (version) VALUES ('20150203235646')
Feb 04 00:26:59 [info] SELECT version FROM schema_migrations
Feb 04 00:26:59 [info] SELECT version FROM schema_migrations
Feb 04 00:26:59 [info] SELECT version FROM schema_migrations
Feb 04 00:26:59 [info] CREATE TABLE `directus_bookmarks` (
`id` int(11) UNSIGNED auto_increment NOT NULL,
,
 PRIMARY KEY (`id`)) ENGINE=InnoDB DEFAULT CHARSET=utf8 DEFAULT CHARSET=utf8;
Feb 04 00:27:44 [info] SELECT version FROM schema_migrations
Feb 04 00:27:44 [info] SELECT version FROM schema_migrations
Feb 04 00:27:44 [info] SELECT version FROM schema_migrations
Feb 04 00:27:44 [info] CREATE TABLE `directus_bookmarks` (
`id` int(11) UNSIGNED auto_increment NOT NULL,
,
 PRIMARY KEY (`id`)) ENGINE=InnoDB CHARSET=utf8 DEFAULT CHARSET=utf8;
Feb 04 00:28:57 [info] SELECT version FROM schema_migrations
Feb 04 00:28:57 [info] SELECT version FROM schema_migrations
Feb 04 00:28:57 [info] SELECT version FROM schema_migrations
Feb 04 00:28:57 [info] CREATE TABLE `directus_bookmarks` (
`id` int(11) UNSIGNED auto_increment NOT NULL,
,
 PRIMARY KEY (`id`)) Engine=InnoDB CHARSET=utf8 DEFAULT CHARSET=utf8;
Feb 04 00:29:43 [info] SELECT version FROM schema_migrations
Feb 04 00:29:43 [info] SELECT version FROM schema_migrations
Feb 04 00:29:43 [info] SELECT version FROM schema_migrations
Feb 04 00:29:43 [info] CREATE TABLE `directus_bookmarks` (
`id` int(11) UNSIGNED auto_increment NOT NULL,
`user` int(11),
 PRIMARY KEY (`id`)) Engine=InnoDB CHARSET=utf8 DEFAULT CHARSET=utf8;
Feb 04 00:29:43 [info] INSERT INTO schema_migrations (version) VALUES ('20150204002341')
Feb 04 00:30:12 [info] SELECT version FROM schema_migrations
Feb 04 00:30:12 [info] SELECT version FROM schema_migrations
Feb 04 00:30:12 [info] SELECT version FROM schema_migrations
Feb 04 00:30:12 [info] CREATE TABLE `directus_groups` (
`id` int(11) UNSIGNED NOT NULL,
`name` varchar(100),
`description` varchar(500),
`restrict_to_ip_whitelist` tinyint(1) DEFAULT 0 NOT NULL,
 PRIMARY KEY (`id`)) Engine=InnoDB DEFAULT CHARSET=utf8;
Feb 04 00:30:12 [info] INSERT INTO schema_migrations (version) VALUES ('20150203221946')
Feb 04 00:30:12 [info] CREATE TABLE `directus_activity` (
`id` int(10) NOT NULL,
`type` varchar(100),
`action` varchar(100) NOT NULL,
`identifier` varchar(100),
`table_name` varchar(100) DEFAULT '' NOT NULL,
`row_id` int(10) DEFAULT 0,
`user` int(10) DEFAULT 0 NOT NULL,
`data` text,
`delta` text NOT NULL,
`parent_id` int(11),
`parent_changed` tinyint(1) NOT NULL COMMENT 'Did the top-level record in the change set alter (scalar values/many-to-one relationships)? Or only the data within its related foreign collection records? (*toMany)',
`datetime` datetime,
`logged_ip` varchar(20),
 PRIMARY KEY (`id`)) Engine=InnoDB CHARSET=utf8 COMMENT='Contains history of revisions' DEFAULT CHARSET=utf8;
Feb 04 00:30:12 [info] INSERT INTO schema_migrations (version) VALUES ('20150203235646')
Feb 04 00:30:12 [info] CREATE TABLE `directus_bookmarks` (
`id` int(11) UNSIGNED auto_increment NOT NULL,
`user` int(11),
 PRIMARY KEY (`id`)) Engine=InnoDB DEFAULT CHARSET=utf8 DEFAULT CHARSET=utf8;
Feb 04 00:30:12 [info] INSERT INTO schema_migrations (version) VALUES ('20150204002341')
Feb 04 01:37:49 [info] SELECT version FROM schema_migrations
Feb 04 01:37:49 [info] SELECT version FROM schema_migrations
Feb 04 01:37:49 [info] SELECT version FROM schema_migrations
Feb 04 01:37:49 [info] CREATE TABLE `directus_groups` (
`id` int(11) UNSIGNED NOT NULL,
`name` varchar(100),
`description` varchar(500),
`restrict_to_ip_whitelist` tinyint(1) DEFAULT 0 NOT NULL,
 PRIMARY KEY (`id`)) Engine=InnoDB DEFAULT CHARSET=utf8;
Feb 04 01:37:49 [info] INSERT INTO schema_migrations (version) VALUES ('20150203221946')
Feb 04 01:37:49 [info] CREATE TABLE `directus_activity` (
`id` int(10) NOT NULL,
`type` varchar(100),
`action` varchar(100) NOT NULL,
`identifier` varchar(100),
`table_name` varchar(100) DEFAULT '' NOT NULL,
`row_id` int(10) DEFAULT 0,
`user` int(10) DEFAULT 0 NOT NULL,
`data` text,
`delta` text NOT NULL,
`parent_id` int(11),
`parent_changed` tinyint(1) NOT NULL COMMENT 'Did the top-level record in the change set alter (scalar values/many-to-one relationships)? Or only the data within its related foreign collection records? (*toMany)',
`datetime` datetime,
`logged_ip` varchar(20),
 PRIMARY KEY (`id`)) Engine=InnoDB CHARSET=utf8 COMMENT='Contains history of revisions' DEFAULT CHARSET=utf8;
Feb 04 01:37:49 [info] INSERT INTO schema_migrations (version) VALUES ('20150203235646')
Feb 04 01:37:49 [info] CREATE TABLE `directus_bookmarks` (
`id` int(11) UNSIGNED auto_increment NOT NULL,
`user` int(11),
`title` varchar(255),
`url` varchar(255),
`icon_class` varchar(255),
`active` tinyint(4),
`section` varchar(255),
 PRIMARY KEY (`id`)) Engine=InnoDB DEFAULT CHARSET=utf8 DEFAULT CHARSET=utf8;
Feb 04 01:37:49 [info] INSERT INTO schema_migrations (version) VALUES ('20150204002341')
Feb 04 01:37:49 [info] CREATE TABLE `directus_columns` (
`id` int(11) UNSIGNED NOT NULL,
`table_name` varchar(64) DEFAULT '' NOT NULL,
`column_name` varchar(64) DEFAULT '' NOT NULL,
`data_type` varchar(64),
`ui` varchar(64),
`system` tinyint(1) DEFAULT 0 NOT NULL,
`master` tinyint(1) DEFAULT 0 NOT NULL,
`hidden_input` tinyint(1) DEFAULT 0 NOT NULL,
`hidden_list` tinyint(1) DEFAULT 0 NOT NULL,
`required` tinyint(1) DEFAULT 0 NOT NULL,
`relationship_type` varchar(20),
`table_related` varchar(64),
`junction_table` varchar(64),
`junction_key_left` varchar(64),
`junction_key_right` varchar(64),
`sort` int(11),
`comment` varchar(1024),
 PRIMARY KEY (`id`)) ENGINE=InnoDB DEFAULT CHARSET=utf8 DEFAULT CHARSET=utf8;
Feb 04 01:37:49 [info] CREATE UNIQUE INDEX table-column ON `directus_columns`(`table_name,column_name`)
Feb 04 01:39:39 [info] SELECT version FROM schema_migrations
Feb 04 01:39:39 [info] SELECT version FROM schema_migrations
Feb 04 01:39:39 [info] SELECT version FROM schema_migrations
Feb 04 01:39:39 [info] CREATE TABLE `directus_columns` (
`id` int(11) UNSIGNED NOT NULL,
`table_name` varchar(64) DEFAULT '' NOT NULL,
`column_name` varchar(64) DEFAULT '' NOT NULL,
`data_type` varchar(64),
`ui` varchar(64),
`system` tinyint(1) DEFAULT 0 NOT NULL,
`master` tinyint(1) DEFAULT 0 NOT NULL,
`hidden_input` tinyint(1) DEFAULT 0 NOT NULL,
`hidden_list` tinyint(1) DEFAULT 0 NOT NULL,
`required` tinyint(1) DEFAULT 0 NOT NULL,
`relationship_type` varchar(20),
`table_related` varchar(64),
`junction_table` varchar(64),
`junction_key_left` varchar(64),
`junction_key_right` varchar(64),
`sort` int(11),
`comment` varchar(1024),
 PRIMARY KEY (`id`)) ENGINE=InnoDB DEFAULT CHARSET=utf8 DEFAULT CHARSET=utf8;
Feb 04 01:41:43 [info] SELECT version FROM schema_migrations
Feb 04 01:41:43 [info] SELECT version FROM schema_migrations
Feb 04 01:41:43 [info] SELECT version FROM schema_migrations
Feb 04 01:41:43 [info] CREATE TABLE `directus_groups` (
`id` int(11) UNSIGNED NOT NULL,
`name` varchar(100),
`description` varchar(500),
`restrict_to_ip_whitelist` tinyint(1) DEFAULT 0 NOT NULL,
 PRIMARY KEY (`id`)) Engine=InnoDB DEFAULT CHARSET=utf8;
Feb 04 01:41:43 [info] INSERT INTO schema_migrations (version) VALUES ('20150203221946')
Feb 04 01:41:43 [info] CREATE TABLE `directus_activity` (
`id` int(10) NOT NULL,
`type` varchar(100),
`action` varchar(100) NOT NULL,
`identifier` varchar(100),
`table_name` varchar(100) DEFAULT '' NOT NULL,
`row_id` int(10) DEFAULT 0,
`user` int(10) DEFAULT 0 NOT NULL,
`data` text,
`delta` text NOT NULL,
`parent_id` int(11),
`parent_changed` tinyint(1) NOT NULL COMMENT 'Did the top-level record in the change set alter (scalar values/many-to-one relationships)? Or only the data within its related foreign collection records? (*toMany)',
`datetime` datetime,
`logged_ip` varchar(20),
 PRIMARY KEY (`id`)) Engine=InnoDB CHARSET=utf8 COMMENT='Contains history of revisions' DEFAULT CHARSET=utf8;
Feb 04 01:41:43 [info] INSERT INTO schema_migrations (version) VALUES ('20150203235646')
Feb 04 01:41:43 [info] CREATE TABLE `directus_bookmarks` (
`id` int(11) UNSIGNED auto_increment NOT NULL,
`user` int(11),
`title` varchar(255),
`url` varchar(255),
`icon_class` varchar(255),
`active` tinyint(4),
`section` varchar(255),
 PRIMARY KEY (`id`)) Engine=InnoDB DEFAULT CHARSET=utf8 DEFAULT CHARSET=utf8;
Feb 04 01:41:43 [info] INSERT INTO schema_migrations (version) VALUES ('20150204002341')
Feb 04 01:41:43 [info] CREATE TABLE `directus_columns` (
`id` int(11) UNSIGNED NOT NULL,
`table_name` varchar(64) DEFAULT '' NOT NULL,
`column_name` varchar(64) DEFAULT '' NOT NULL,
`data_type` varchar(64),
`ui` varchar(64),
`system` tinyint(1) DEFAULT 0 NOT NULL,
`master` tinyint(1) DEFAULT 0 NOT NULL,
`hidden_input` tinyint(1) DEFAULT 0 NOT NULL,
`hidden_list` tinyint(1) DEFAULT 0 NOT NULL,
`required` tinyint(1) DEFAULT 0 NOT NULL,
`relationship_type` varchar(20),
`table_related` varchar(64),
`junction_table` varchar(64),
`junction_key_left` varchar(64),
`junction_key_right` varchar(64),
`sort` int(11),
`comment` varchar(1024),
 PRIMARY KEY (`id`)) ENGINE=InnoDB DEFAULT CHARSET=utf8 DEFAULT CHARSET=utf8;
Feb 04 01:41:43 [info] CREATE UNIQUE INDEX table-column ON `directus_columns`(`table_name`, `column_name`)
Feb 04 01:45:10 [info] SELECT version FROM schema_migrations
Feb 04 01:45:10 [info] SELECT version FROM schema_migrations
Feb 04 01:45:10 [info] SELECT version FROM schema_migrations
Feb 04 01:45:10 [info] CREATE TABLE `directus_groups` (
`id` int(11) UNSIGNED NOT NULL,
`name` varchar(100),
`description` varchar(500),
`restrict_to_ip_whitelist` tinyint(1) DEFAULT 0 NOT NULL,
 PRIMARY KEY (`id`)) Engine=InnoDB DEFAULT CHARSET=utf8;
Feb 04 01:45:10 [info] INSERT INTO schema_migrations (version) VALUES ('20150203221946')
Feb 04 01:45:10 [info] CREATE TABLE `directus_activity` (
`id` int(10) NOT NULL,
`type` varchar(100),
`action` varchar(100) NOT NULL,
`identifier` varchar(100),
`table_name` varchar(100) DEFAULT '' NOT NULL,
`row_id` int(10) DEFAULT 0,
`user` int(10) DEFAULT 0 NOT NULL,
`data` text,
`delta` text NOT NULL,
`parent_id` int(11),
`parent_changed` tinyint(1) NOT NULL COMMENT 'Did the top-level record in the change set alter (scalar values/many-to-one relationships)? Or only the data within its related foreign collection records? (*toMany)',
`datetime` datetime,
`logged_ip` varchar(20),
 PRIMARY KEY (`id`)) Engine=InnoDB CHARSET=utf8 COMMENT='Contains history of revisions' DEFAULT CHARSET=utf8;
Feb 04 01:45:10 [info] INSERT INTO schema_migrations (version) VALUES ('20150203235646')
Feb 04 01:45:10 [info] CREATE TABLE `directus_bookmarks` (
`id` int(11) UNSIGNED auto_increment NOT NULL,
`user` int(11),
`title` varchar(255),
`url` varchar(255),
`icon_class` varchar(255),
`active` tinyint(4),
`section` varchar(255),
 PRIMARY KEY (`id`)) Engine=InnoDB DEFAULT CHARSET=utf8 DEFAULT CHARSET=utf8;
Feb 04 01:45:10 [info] INSERT INTO schema_migrations (version) VALUES ('20150204002341')
Feb 04 01:45:10 [info] CREATE TABLE `directus_columns` (
`id` int(11) UNSIGNED NOT NULL,
`table_name` varchar(64) DEFAULT '' NOT NULL,
`column_name` varchar(64) DEFAULT '' NOT NULL,
`data_type` varchar(64),
`ui` varchar(64),
`system` tinyint(1) DEFAULT 0 NOT NULL,
`master` tinyint(1) DEFAULT 0 NOT NULL,
`hidden_input` tinyint(1) DEFAULT 0 NOT NULL,
`hidden_list` tinyint(1) DEFAULT 0 NOT NULL,
`required` tinyint(1) DEFAULT 0 NOT NULL,
`relationship_type` varchar(20),
`table_related` varchar(64),
`junction_table` varchar(64),
`junction_key_left` varchar(64),
`junction_key_right` varchar(64),
`sort` int(11),
`comment` varchar(1024),
 PRIMARY KEY (`id`)) ENGINE=InnoDB DEFAULT CHARSET=utf8 DEFAULT CHARSET=utf8;
Feb 04 01:45:10 [info] CREATE UNIQUE INDEX `table-column` ON `directus_columns`(`table_name`, `column_name`)
Feb 04 01:45:10 [info] INSERT INTO schema_migrations (version) VALUES ('20150204003426')
Feb 04 01:45:10 [info] INSERT INTO schema_migrations (version) VALUES ('20150204012338')
Feb 04 02:52:46 [info] SELECT version FROM schema_migrations
Feb 04 02:52:46 [info] SELECT version FROM schema_migrations
Feb 04 02:52:46 [info] SELECT version FROM schema_migrations
Feb 04 02:52:46 [info] CREATE TABLE `directus_files` (
`id` int(10) NOT NULL,
`active` tinyint(1) DEFAULT 1,
`name` varchar(255),
`url` varchar(2000),
`title` varchar(255) DEFAULT '',
`location` varchar(200),
`caption` text,
`type` varchar(50) DEFAULT '',
`charset` varchar(50) DEFAULT '',
`tags` varchar(255) DEFAULT '',
`width` int(5) DEFAULT 0,
`height` int(5) DEFAULT 0,
`size` int(20) DEFAULT 0,
`embed_id` varchar(200),
`user` int(11) NOT NULL,
`date_uploaded` datetime,
`storage_adapter` int(11) UNSIGNED,
`needs_index` tinyint(4) DEFAULT 1,
 PRIMARY KEY (`id`)) ENGINE=InnoDB DEFAULT CHARSET=utf8 COMMENT='Directus Files Storage' DEFAULT CHARSET=utf8;
Feb 04 02:52:46 [info] INSERT INTO schema_migrations (version) VALUES ('20150204015251')
Feb 04 02:52:46 [info] CREATE TABLE `directus_messages` (
`id` int(10) NOT NULL,
`from` int(11),
`subject` varchar(255) NOT NULL,
`message` text NOT NULL,
`datetime` datetime NOT NULL,
`attachment` int(11),
`response_to` int(11),
`comment_metadata` varchar(255),
 PRIMARY KEY (`id`)) ENGINE=MyISAM DEFAULT CHARSET=utf8 DEFAULT CHARSET=utf8;
Feb 04 02:52:46 [info] INSERT INTO schema_migrations (version) VALUES ('20150204021255')
Feb 04 02:52:46 [info] CREATE TABLE `directus_messages_recipients` (
`id` int(11) UNSIGNED NOT NULL,
`message_id` int(11) NOT NULL,
`recipient` int(11) NOT NULL,
`read` tinyint(11) NOT NULL,
`group` int(11),
 PRIMARY KEY (`id`)) ENGINE=InnoDB DEFAULT CHARSET=utf8 DEFAULT CHARSET=utf8;
Feb 04 02:52:46 [info] INSERT INTO schema_migrations (version) VALUES ('20150204022237')
Feb 04 02:53:25 [info] SELECT version FROM schema_migrations
Feb 04 02:53:25 [info] SELECT version FROM schema_migrations
Feb 04 02:53:25 [info] SELECT version FROM schema_migrations
Feb 04 02:53:25 [info] CREATE TABLE `directus_preferences` (
`id` int(10) UNSIGNED NOT NULL,
`user` int(11),
`table_name` varchar(64),
`title` varchar(255),
`columns_visible` varchar(300),
`sort` varchar(64),
`sort_order` varchar(5),
`active` varchar(5),
`search_string` text,
 PRIMARY KEY (`id`)) ENGINE=InnoDB DEFAULT CHARSET=utf8 DEFAULT CHARSET=utf8;
Feb 04 02:53:25 [info] CREATE UNIQUE INDEX `user` ON `directus_preferences`(`user`, `table_name`, `title`)
Feb 04 02:53:25 [info] CREATE UNIQUE INDEX `pref_title_constraint` ON `directus_preferences`(`user`, `table_name`, `title`)
Feb 04 02:53:25 [info] INSERT INTO schema_migrations (version) VALUES ('20150204023325')
Feb 04 02:53:25 [info] CREATE TABLE `directus_privileges` (
`id` int(11) NOT NULL,
`table_name` varchar(255) NOT NULL,
`permissions` varchar(500),
`group_id` int(11) NOT NULL,
`read_field_blacklist` varchar(1000),
`write_field_blacklist` varchar(1000),
`unlisted` tinyint(1),
 PRIMARY KEY (`id`)) ENGINE=InnoDB DEFAULT CHARSET=utf8 DEFAULT CHARSET=utf8;
Feb 04 02:53:25 [info] INSERT INTO schema_migrations (version) VALUES ('20150204024327')
Feb 04 03:08:32 [info] CREATE TABLE `directus_schema_migrations` (
`version` varchar(255))  DEFAULT CHARSET=utf8;
Feb 04 03:08:32 [info] CREATE UNIQUE INDEX `idx_directus_schema_migrations_version` ON `directus_schema_migrations`(`version`)
Feb 04 03:09:00 [info] SELECT version FROM directus_schema_migrations
Feb 04 03:09:00 [info] SELECT version FROM directus_schema_migrations
Feb 04 03:09:00 [info] SELECT version FROM directus_schema_migrations
Feb 04 03:09:00 [info] CREATE TABLE `directus_groups` (
`id` int(11) UNSIGNED NOT NULL,
`name` varchar(100),
`description` varchar(500),
`restrict_to_ip_whitelist` tinyint(1) DEFAULT 0 NOT NULL,
 PRIMARY KEY (`id`)) Engine=InnoDB DEFAULT CHARSET=utf8;
Feb 04 03:09:00 [info] INSERT INTO directus_schema_migrations (version) VALUES ('20150203221946')
Feb 04 03:09:00 [info] CREATE TABLE `directus_activity` (
`id` int(10) NOT NULL,
`type` varchar(100),
`action` varchar(100) NOT NULL,
`identifier` varchar(100),
`table_name` varchar(100) DEFAULT '' NOT NULL,
`row_id` int(10) DEFAULT 0,
`user` int(10) DEFAULT 0 NOT NULL,
`data` text,
`delta` text NOT NULL,
`parent_id` int(11),
`parent_changed` tinyint(1) NOT NULL COMMENT 'Did the top-level record in the change set alter (scalar values/many-to-one relationships)? Or only the data within its related foreign collection records? (*toMany)',
`datetime` datetime,
`logged_ip` varchar(20),
 PRIMARY KEY (`id`)) Engine=InnoDB CHARSET=utf8 COMMENT='Contains history of revisions' DEFAULT CHARSET=utf8;
Feb 04 03:09:00 [info] INSERT INTO directus_schema_migrations (version) VALUES ('20150203235646')
Feb 04 03:09:00 [info] CREATE TABLE `directus_bookmarks` (
`id` int(11) UNSIGNED auto_increment NOT NULL,
`user` int(11),
`title` varchar(255),
`url` varchar(255),
`icon_class` varchar(255),
`active` tinyint(4),
`section` varchar(255),
 PRIMARY KEY (`id`)) Engine=InnoDB DEFAULT CHARSET=utf8 DEFAULT CHARSET=utf8;
Feb 04 03:09:00 [info] INSERT INTO directus_schema_migrations (version) VALUES ('20150204002341')
Feb 04 03:09:00 [info] CREATE TABLE `directus_columns` (
`id` int(11) UNSIGNED NOT NULL,
`table_name` varchar(64) DEFAULT '' NOT NULL,
`column_name` varchar(64) DEFAULT '' NOT NULL,
`data_type` varchar(64),
`ui` varchar(64),
`system` tinyint(1) DEFAULT 0 NOT NULL,
`master` tinyint(1) DEFAULT 0 NOT NULL,
`hidden_input` tinyint(1) DEFAULT 0 NOT NULL,
`hidden_list` tinyint(1) DEFAULT 0 NOT NULL,
`required` tinyint(1) DEFAULT 0 NOT NULL,
`relationship_type` varchar(20),
`table_related` varchar(64),
`junction_table` varchar(64),
`junction_key_left` varchar(64),
`junction_key_right` varchar(64),
`sort` int(11),
`comment` varchar(1024),
 PRIMARY KEY (`id`)) ENGINE=InnoDB DEFAULT CHARSET=utf8 DEFAULT CHARSET=utf8;
Feb 04 03:09:00 [info] CREATE UNIQUE INDEX `table-column` ON `directus_columns`(`table_name`, `column_name`)
Feb 04 03:09:00 [info] INSERT INTO directus_schema_migrations (version) VALUES ('20150204003426')
Feb 04 03:09:00 [info] INSERT INTO directus_schema_migrations (version) VALUES ('20150204012338')
Feb 04 03:09:00 [info] CREATE TABLE `directus_files` (
`id` int(10) NOT NULL,
`active` tinyint(1) DEFAULT 1,
`name` varchar(255),
`url` varchar(2000),
`title` varchar(255) DEFAULT '',
`location` varchar(200),
`caption` text,
`type` varchar(50) DEFAULT '',
`charset` varchar(50) DEFAULT '',
`tags` varchar(255) DEFAULT '',
`width` int(5) DEFAULT 0,
`height` int(5) DEFAULT 0,
`size` int(20) DEFAULT 0,
`embed_id` varchar(200),
`user` int(11) NOT NULL,
`date_uploaded` datetime,
`storage_adapter` int(11) UNSIGNED,
`needs_index` tinyint(4) DEFAULT 1,
 PRIMARY KEY (`id`)) ENGINE=InnoDB DEFAULT CHARSET=utf8 COMMENT='Directus Files Storage' DEFAULT CHARSET=utf8;
Feb 04 03:09:00 [info] INSERT INTO directus_schema_migrations (version) VALUES ('20150204015251')
Feb 04 03:09:00 [info] CREATE TABLE `directus_messages` (
`id` int(10) NOT NULL,
`from` int(11),
`subject` varchar(255) NOT NULL,
`message` text NOT NULL,
`datetime` datetime NOT NULL,
`attachment` int(11),
`response_to` int(11),
`comment_metadata` varchar(255),
 PRIMARY KEY (`id`)) ENGINE=MyISAM DEFAULT CHARSET=utf8 DEFAULT CHARSET=utf8;
Feb 04 03:09:00 [info] INSERT INTO directus_schema_migrations (version) VALUES ('20150204021255')
Feb 04 03:09:00 [info] CREATE TABLE `directus_messages_recipients` (
`id` int(11) UNSIGNED NOT NULL,
`message_id` int(11) NOT NULL,
`recipient` int(11) NOT NULL,
`read` tinyint(11) NOT NULL,
`group` int(11),
 PRIMARY KEY (`id`)) ENGINE=InnoDB DEFAULT CHARSET=utf8 DEFAULT CHARSET=utf8;
Feb 04 03:09:00 [info] INSERT INTO directus_schema_migrations (version) VALUES ('20150204022237')
Feb 04 03:09:00 [info] CREATE TABLE `directus_preferences` (
`id` int(10) UNSIGNED NOT NULL,
`user` int(11),
`table_name` varchar(64),
`title` varchar(255),
`columns_visible` varchar(300),
`sort` varchar(64),
`sort_order` varchar(5),
`active` varchar(5),
`search_string` text,
 PRIMARY KEY (`id`)) ENGINE=InnoDB DEFAULT CHARSET=utf8 DEFAULT CHARSET=utf8;
Feb 04 03:09:00 [info] CREATE UNIQUE INDEX `user` ON `directus_preferences`(`user`, `table_name`, `title`)
Feb 04 03:09:00 [info] CREATE UNIQUE INDEX `pref_title_constraint` ON `directus_preferences`(`user`, `table_name`, `title`)
Feb 04 03:09:00 [info] INSERT INTO directus_schema_migrations (version) VALUES ('20150204023325')
Feb 04 03:09:00 [info] CREATE TABLE `directus_privileges` (
`id` int(11) NOT NULL,
`table_name` varchar(255) NOT NULL,
`permissions` varchar(500),
`group_id` int(11) NOT NULL,
`read_field_blacklist` varchar(1000),
`write_field_blacklist` varchar(1000),
`unlisted` tinyint(1),
 PRIMARY KEY (`id`)) ENGINE=InnoDB DEFAULT CHARSET=utf8 DEFAULT CHARSET=utf8;
Feb 04 03:09:00 [info] INSERT INTO directus_schema_migrations (version) VALUES ('20150204024327')
Feb 04 03:11:58 [info] CREATE TABLE `directus_schema_migrations` (
`version` varchar(255))  DEFAULT CHARSET=utf8;
Feb 04 03:11:58 [info] CREATE UNIQUE INDEX `idx_directus_schema_migrations_version` ON `directus_schema_migrations`(`version`)
Feb 04 03:12:05 [info] SELECT version FROM directus_schema_migrations
Feb 04 03:12:05 [info] SELECT version FROM directus_schema_migrations
Feb 04 03:12:05 [info] SELECT version FROM directus_schema_migrations
Feb 04 03:12:05 [info] CREATE TABLE `directus_groups` (
`id` int(11) UNSIGNED NOT NULL,
`name` varchar(100),
`description` varchar(500),
`restrict_to_ip_whitelist` tinyint(1) DEFAULT 0 NOT NULL,
 PRIMARY KEY (`id`)) Engine=InnoDB DEFAULT CHARSET=utf8;
Feb 04 03:12:05 [info] INSERT INTO directus_schema_migrations (version) VALUES ('20150203221946')
Feb 04 03:12:05 [info] CREATE TABLE `directus_activity` (
`id` int(10) NOT NULL,
`type` varchar(100),
`action` varchar(100) NOT NULL,
`identifier` varchar(100),
`table_name` varchar(100) DEFAULT '' NOT NULL,
`row_id` int(10) DEFAULT 0,
`user` int(10) DEFAULT 0 NOT NULL,
`data` text,
`delta` text NOT NULL,
`parent_id` int(11),
`parent_changed` tinyint(1) NOT NULL COMMENT 'Did the top-level record in the change set alter (scalar values/many-to-one relationships)? Or only the data within its related foreign collection records? (*toMany)',
`datetime` datetime,
`logged_ip` varchar(20),
 PRIMARY KEY (`id`)) Engine=InnoDB CHARSET=utf8 COMMENT='Contains history of revisions' DEFAULT CHARSET=utf8;
Feb 04 03:12:05 [info] INSERT INTO directus_schema_migrations (version) VALUES ('20150203235646')
Feb 04 03:12:05 [info] CREATE TABLE `directus_bookmarks` (
`id` int(11) UNSIGNED auto_increment NOT NULL,
`user` int(11),
`title` varchar(255),
`url` varchar(255),
`icon_class` varchar(255),
`active` tinyint(4),
`section` varchar(255),
 PRIMARY KEY (`id`)) Engine=InnoDB DEFAULT CHARSET=utf8 DEFAULT CHARSET=utf8;
Feb 04 03:12:05 [info] INSERT INTO directus_schema_migrations (version) VALUES ('20150204002341')
Feb 04 03:12:05 [info] CREATE TABLE `directus_columns` (
`id` int(11) UNSIGNED NOT NULL,
`table_name` varchar(64) DEFAULT '' NOT NULL,
`column_name` varchar(64) DEFAULT '' NOT NULL,
`data_type` varchar(64),
`ui` varchar(64),
`system` tinyint(1) DEFAULT 0 NOT NULL,
`master` tinyint(1) DEFAULT 0 NOT NULL,
`hidden_input` tinyint(1) DEFAULT 0 NOT NULL,
`hidden_list` tinyint(1) DEFAULT 0 NOT NULL,
`required` tinyint(1) DEFAULT 0 NOT NULL,
`relationship_type` varchar(20),
`table_related` varchar(64),
`junction_table` varchar(64),
`junction_key_left` varchar(64),
`junction_key_right` varchar(64),
`sort` int(11),
`comment` varchar(1024),
 PRIMARY KEY (`id`)) ENGINE=InnoDB DEFAULT CHARSET=utf8 DEFAULT CHARSET=utf8;
Feb 04 03:12:05 [info] CREATE UNIQUE INDEX `table-column` ON `directus_columns`(`table_name`, `column_name`)
Feb 04 03:12:05 [info] INSERT INTO directus_schema_migrations (version) VALUES ('20150204003426')
Feb 04 03:12:05 [info] INSERT INTO directus_schema_migrations (version) VALUES ('20150204012338')
Feb 04 03:12:05 [info] CREATE TABLE `directus_files` (
`id` int(10) NOT NULL,
`active` tinyint(1) DEFAULT 1,
`name` varchar(255),
`url` varchar(2000),
`title` varchar(255) DEFAULT '',
`location` varchar(200),
`caption` text,
`type` varchar(50) DEFAULT '',
`charset` varchar(50) DEFAULT '',
`tags` varchar(255) DEFAULT '',
`width` int(5) DEFAULT 0,
`height` int(5) DEFAULT 0,
`size` int(20) DEFAULT 0,
`embed_id` varchar(200),
`user` int(11) NOT NULL,
`date_uploaded` datetime,
`storage_adapter` int(11) UNSIGNED,
`needs_index` tinyint(4) DEFAULT 1,
 PRIMARY KEY (`id`)) ENGINE=InnoDB DEFAULT CHARSET=utf8 COMMENT='Directus Files Storage' DEFAULT CHARSET=utf8;
Feb 04 03:12:05 [info] INSERT INTO directus_schema_migrations (version) VALUES ('20150204015251')
Feb 04 03:12:05 [info] CREATE TABLE `directus_messages` (
`id` int(10) NOT NULL,
`from` int(11),
`subject` varchar(255) NOT NULL,
`message` text NOT NULL,
`datetime` datetime NOT NULL,
`attachment` int(11),
`response_to` int(11),
`comment_metadata` varchar(255),
 PRIMARY KEY (`id`)) ENGINE=MyISAM DEFAULT CHARSET=utf8 DEFAULT CHARSET=utf8;
Feb 04 03:12:05 [info] INSERT INTO directus_schema_migrations (version) VALUES ('20150204021255')
Feb 04 03:12:05 [info] CREATE TABLE `directus_messages_recipients` (
`id` int(11) UNSIGNED NOT NULL,
`message_id` int(11) NOT NULL,
`recipient` int(11) NOT NULL,
`read` tinyint(11) NOT NULL,
`group` int(11),
 PRIMARY KEY (`id`)) ENGINE=InnoDB DEFAULT CHARSET=utf8 DEFAULT CHARSET=utf8;
Feb 04 03:12:05 [info] INSERT INTO directus_schema_migrations (version) VALUES ('20150204022237')
Feb 04 03:12:05 [info] CREATE TABLE `directus_preferences` (
`id` int(10) UNSIGNED NOT NULL,
`user` int(11),
`table_name` varchar(64),
`title` varchar(255),
`columns_visible` varchar(300),
`sort` varchar(64),
`sort_order` varchar(5),
`active` varchar(5),
`search_string` text,
 PRIMARY KEY (`id`)) ENGINE=InnoDB DEFAULT CHARSET=utf8 DEFAULT CHARSET=utf8;
Feb 04 03:12:05 [info] CREATE UNIQUE INDEX `user` ON `directus_preferences`(`user`, `table_name`, `title`)
Feb 04 03:12:05 [info] CREATE UNIQUE INDEX `pref_title_constraint` ON `directus_preferences`(`user`, `table_name`, `title`)
Feb 04 03:12:05 [info] INSERT INTO directus_schema_migrations (version) VALUES ('20150204023325')
Feb 04 03:12:05 [info] CREATE TABLE `directus_privileges` (
`id` int(11) NOT NULL,
`table_name` varchar(255) CHARACTER SET `latin1` NOT NULL,
`permissions` varchar(500) CHARACTER SET `latin1`,
`group_id` int(11) NOT NULL,
`read_field_blacklist` varchar(1000) CHARACTER SET `latin1`,
`write_field_blacklist` varchar(1000) CHARACTER SET `latin1`,
`unlisted` tinyint(1),
 PRIMARY KEY (`id`)) ENGINE=InnoDB DEFAULT CHARSET=utf8 DEFAULT CHARSET=utf8;
Feb 04 03:12:05 [info] INSERT INTO directus_schema_migrations (version) VALUES ('20150204024327')
Feb 04 04:44:08 [info] CREATE TABLE `directus_schema_migrations` (
`version` varchar(255))  DEFAULT CHARSET=utf8;
Feb 04 04:44:08 [info] CREATE UNIQUE INDEX `idx_directus_schema_migrations_version` ON `directus_schema_migrations`(`version`)
Feb 04 04:44:16 [info] SELECT version FROM directus_schema_migrations
Feb 04 04:44:16 [info] SELECT version FROM directus_schema_migrations
Feb 04 04:44:16 [info] SELECT version FROM directus_schema_migrations
Feb 04 04:44:16 [info] CREATE TABLE `directus_activity` (
`id` int(10) NOT NULL,
`type` varchar(100),
`action` varchar(100) NOT NULL,
`identifier` varchar(100),
`table_name` varchar(100) DEFAULT '' NOT NULL,
`row_id` int(10) DEFAULT 0,
`user` int(10) DEFAULT 0 NOT NULL,
`data` text,
`delta` text NOT NULL,
`parent_id` int(11),
`parent_changed` tinyint(1) NOT NULL COMMENT 'Did the top-level record in the change set alter (scalar values/many-to-one relationships)? Or only the data within its related foreign collection records? (*toMany)',
`datetime` datetime,
`logged_ip` varchar(20),
 PRIMARY KEY (`id`)) Engine=InnoDB CHARSET=utf8 COMMENT='Contains history of revisions' DEFAULT CHARSET=utf8;
Feb 04 04:44:16 [info] INSERT INTO directus_schema_migrations (version) VALUES ('20150203221946')
Feb 04 04:44:16 [info] CREATE TABLE `directus_bookmarks` (
`id` int(11) UNSIGNED auto_increment NOT NULL,
`user` int(11),
`title` varchar(255),
`url` varchar(255),
`icon_class` varchar(255),
`active` tinyint(4),
`section` varchar(255),
 PRIMARY KEY (`id`)) Engine=InnoDB DEFAULT CHARSET=utf8 DEFAULT CHARSET=utf8;
Feb 04 04:44:16 [info] INSERT INTO directus_schema_migrations (version) VALUES ('20150203221946')
Feb 04 05:02:35 [info] CREATE TABLE `directus_schema_migrations` (
`version` varchar(255))  DEFAULT CHARSET=utf8;
Feb 04 05:02:35 [info] CREATE UNIQUE INDEX `idx_directus_schema_migrations_version` ON `directus_schema_migrations`(`version`)
Feb 04 05:02:38 [info] SELECT version FROM directus_schema_migrations
Feb 04 05:02:38 [info] SELECT version FROM directus_schema_migrations
Feb 04 05:02:38 [info] SELECT version FROM directus_schema_migrations
Feb 04 05:02:38 [info] CREATE TABLE `directus_groups` (
`id` int(11) UNSIGNED NOT NULL,
`name` varchar(100),
`description` varchar(500),
`restrict_to_ip_whitelist` tinyint(1) DEFAULT 0 NOT NULL,
 PRIMARY KEY (`id`)) Engine=InnoDB DEFAULT CHARSET=utf8;
Feb 04 05:02:38 [info] INSERT INTO directus_schema_migrations (version) VALUES ('20150203221946')
Feb 04 05:02:38 [info] CREATE TABLE `directus_activity` (
`id` int(10) NOT NULL,
`type` varchar(100),
`action` varchar(100) NOT NULL,
`identifier` varchar(100),
`table_name` varchar(100) DEFAULT '' NOT NULL,
`row_id` int(10) DEFAULT 0,
`user` int(10) DEFAULT 0 NOT NULL,
`data` text,
`delta` text NOT NULL,
`parent_id` int(11),
`parent_changed` tinyint(1) NOT NULL COMMENT 'Did the top-level record in the change set alter (scalar values/many-to-one relationships)? Or only the data within its related foreign collection records? (*toMany)',
`datetime` datetime,
`logged_ip` varchar(20),
 PRIMARY KEY (`id`)) Engine=InnoDB CHARSET=utf8 COMMENT='Contains history of revisions' DEFAULT CHARSET=utf8;
Feb 04 05:02:38 [info] INSERT INTO directus_schema_migrations (version) VALUES ('20150203235646')
Feb 04 05:02:38 [info] CREATE TABLE `directus_bookmarks` (
`id` int(11) UNSIGNED auto_increment NOT NULL,
`user` int(11),
`title` varchar(255),
`url` varchar(255),
`icon_class` varchar(255),
`active` tinyint(4),
`section` varchar(255),
 PRIMARY KEY (`id`)) Engine=InnoDB DEFAULT CHARSET=utf8 DEFAULT CHARSET=utf8;
Feb 04 05:02:38 [info] INSERT INTO directus_schema_migrations (version) VALUES ('20150204002341')
Feb 04 05:02:38 [info] CREATE TABLE `directus_columns` (
`id` int(11) UNSIGNED NOT NULL,
`table_name` varchar(64) DEFAULT '' NOT NULL,
`column_name` varchar(64) DEFAULT '' NOT NULL,
`data_type` varchar(64),
`ui` varchar(64),
`system` tinyint(1) DEFAULT 0 NOT NULL,
`master` tinyint(1) DEFAULT 0 NOT NULL,
`hidden_input` tinyint(1) DEFAULT 0 NOT NULL,
`hidden_list` tinyint(1) DEFAULT 0 NOT NULL,
`required` tinyint(1) DEFAULT 0 NOT NULL,
`relationship_type` varchar(20),
`table_related` varchar(64),
`junction_table` varchar(64),
`junction_key_left` varchar(64),
`junction_key_right` varchar(64),
`sort` int(11),
`comment` varchar(1024),
 PRIMARY KEY (`id`)) ENGINE=InnoDB DEFAULT CHARSET=utf8 DEFAULT CHARSET=utf8;
Feb 04 05:02:38 [info] CREATE UNIQUE INDEX `table-column` ON `directus_columns`(`table_name`, `column_name`)
Feb 04 05:02:38 [info] INSERT INTO directus_schema_migrations (version) VALUES ('20150204003426')
Feb 04 05:02:38 [info] INSERT INTO directus_schema_migrations (version) VALUES ('20150204012338')
Feb 04 05:02:38 [info] CREATE TABLE `directus_files` (
`id` int(10) NOT NULL,
`active` tinyint(1) DEFAULT 1,
`name` varchar(255),
`url` varchar(2000),
`title` varchar(255) DEFAULT '',
`location` varchar(200),
`caption` text,
`type` varchar(50) DEFAULT '',
`charset` varchar(50) DEFAULT '',
`tags` varchar(255) DEFAULT '',
`width` int(5) DEFAULT 0,
`height` int(5) DEFAULT 0,
`size` int(20) DEFAULT 0,
`embed_id` varchar(200),
`user` int(11) NOT NULL,
`date_uploaded` datetime,
`storage_adapter` int(11) UNSIGNED,
`needs_index` tinyint(4) DEFAULT 1,
 PRIMARY KEY (`id`)) ENGINE=InnoDB DEFAULT CHARSET=utf8 COMMENT='Directus Files Storage' DEFAULT CHARSET=utf8;
Feb 04 05:02:38 [info] INSERT INTO directus_schema_migrations (version) VALUES ('20150204015251')
Feb 04 05:02:38 [info] CREATE TABLE `directus_messages` (
`id` int(10) NOT NULL,
`from` int(11),
`subject` varchar(255) NOT NULL,
`message` text NOT NULL,
`datetime` datetime NOT NULL,
`attachment` int(11),
`response_to` int(11),
`comment_metadata` varchar(255),
 PRIMARY KEY (`id`)) ENGINE=MyISAM DEFAULT CHARSET=utf8 DEFAULT CHARSET=utf8;
Feb 04 05:02:38 [info] INSERT INTO directus_schema_migrations (version) VALUES ('20150204021255')
Feb 04 05:02:38 [info] CREATE TABLE `directus_messages_recipients` (
`id` int(11) UNSIGNED NOT NULL,
`message_id` int(11) NOT NULL,
`recipient` int(11) NOT NULL,
`read` tinyint(11) NOT NULL,
`group` int(11),
 PRIMARY KEY (`id`)) ENGINE=InnoDB DEFAULT CHARSET=utf8 DEFAULT CHARSET=utf8;
Feb 04 05:02:38 [info] INSERT INTO directus_schema_migrations (version) VALUES ('20150204022237')
Feb 04 05:02:38 [info] CREATE TABLE `directus_preferences` (
`id` int(10) UNSIGNED NOT NULL,
`user` int(11),
`table_name` varchar(64),
`title` varchar(255),
`columns_visible` varchar(300),
`sort` varchar(64),
`sort_order` varchar(5),
`active` varchar(5),
`search_string` text,
 PRIMARY KEY (`id`)) ENGINE=InnoDB DEFAULT CHARSET=utf8 DEFAULT CHARSET=utf8;
Feb 04 05:02:38 [info] CREATE UNIQUE INDEX `user` ON `directus_preferences`(`user`, `table_name`, `title`)
Feb 04 05:02:38 [info] CREATE UNIQUE INDEX `pref_title_constraint` ON `directus_preferences`(`user`, `table_name`, `title`)
Feb 04 05:02:38 [info] INSERT INTO directus_schema_migrations (version) VALUES ('20150204023325')
Feb 04 05:02:38 [info] CREATE TABLE `directus_privileges` (
`id` int(11) NOT NULL,
`table_name` varchar(255) CHARACTER SET `latin1` NOT NULL,
`permissions` varchar(500) CHARACTER SET `latin1`,
`group_id` int(11) NOT NULL,
`read_field_blacklist` varchar(1000) CHARACTER SET `latin1`,
`write_field_blacklist` varchar(1000) CHARACTER SET `latin1`,
`unlisted` tinyint(1),
 PRIMARY KEY (`id`)) ENGINE=InnoDB DEFAULT CHARSET=utf8 DEFAULT CHARSET=utf8;
Feb 04 05:02:38 [info] INSERT INTO directus_schema_migrations (version) VALUES ('20150204024327')
Feb 04 05:02:38 [info] CREATE TABLE `directus_settings` (
`id` int(10) UNSIGNED NOT NULL,
`collection` varchar(250),
`name` varchar(250),
`value` varchar(250),
 PRIMARY KEY (`id`)) ENGINE=InnoDB DEFAULT CHARSET=utf8 DEFAULT CHARSET=utf8;
Feb 04 05:02:38 [info] CREATE UNIQUE INDEX `Unique Collection and Name` ON `directus_settings`(`collection`, `name`)
Feb 04 05:02:38 [info] INSERT INTO directus_schema_migrations (version) VALUES ('20150204031412')
Feb 04 05:02:38 [info] CREATE TABLE `directus_social_feeds` (
`id` int(11) NOT NULL,
`active` tinyint(1) NOT NULL,
`type` tinyint(2) NOT NULL,
`last_checked` datetime,
`name` varchar(255) CHARACTER SET `latin1` NOT NULL,
`foreign_id` varchar(255) CHARACTER SET `latin1` NOT NULL,
`data` text CHARACTER SET `latin1` NOT NULL,
 PRIMARY KEY (`id`)) ENGINE=InnoDB DEFAULT CHARSET=utf8 DEFAULT CHARSET=utf8;
Feb 04 05:02:38 [info] INSERT INTO directus_schema_migrations (version) VALUES ('20150204033619')
Feb 04 05:02:38 [info] CREATE TABLE `directus_social_posts` (
`id` int(11) NOT NULL,
`active` tinyint(1) NOT NULL,
`feed` int(11) NOT NULL,
`datetime` datetime NOT NULL,
`foreign_id` varchar(55) NOT NULL,
`data` text NOT NULL,
 PRIMARY KEY (`id`)) ENGINE=InnoDB DEFAULT CHARSET=utf8 DEFAULT CHARSET=utf8;
Feb 04 05:02:38 [info] INSERT INTO directus_schema_migrations (version) VALUES ('20150204034338')
Feb 04 05:02:38 [info] CREATE TABLE `directus_storage_adapters` (
`id` int(11) UNSIGNED NOT NULL,
`key` varchar(255) NOT NULL,
`adapter_name` varchar(255) NOT NULL,
`role` varchar(255),
`public` tinyint(1) UNSIGNED NOT NULL,
`destination` varchar(255) NOT NULL,
`url` varchar(2000),
`params` varchar(2000),
 PRIMARY KEY (`id`)) ENGINE=InnoDB DEFAULT CHARSET=utf8 DEFAULT CHARSET=utf8;
Feb 04 05:02:38 [info] INSERT INTO directus_schema_migrations (version) VALUES ('20150204035240')
Feb 04 05:02:38 [info] CREATE TABLE `directus_tab_privileges` (
`id` int(11) UNSIGNED NOT NULL,
`group_id` int(11),
`tab_blacklist` varchar(500),
`nav_override` text,
 PRIMARY KEY (`id`)) ENGINE=InnoDB DEFAULT CHARSET=utf8 DEFAULT CHARSET=utf8;
Feb 04 05:02:38 [info] INSERT INTO directus_schema_migrations (version) VALUES ('20150204040328')
Feb 04 05:02:38 [info] CREATE TABLE `directus_tables` (
`table_name` varchar(64) DEFAULT '' NOT NULL,
`hidden` tinyint(1) DEFAULT 0 NOT NULL,
`single` tinyint(1) DEFAULT 0 NOT NULL,
`default_status` tinyint(1) DEFAULT 1 NOT NULL,
`is_junction_table` tinyint(1) DEFAULT 0 NOT NULL,
`footer` tinyint(1) DEFAULT 0,
`list_view` varchar(200),
`column_groupings` varchar(255),
`primary_column` varchar(255),
`user_create_column` varchar(64),
`user_update_column` varchar(64),
`date_create_column` varchar(64),
`date_update_column` varchar(64),
`filter_column_blacklist` text,
 PRIMARY KEY (`table_name`)) ENGINE=InnoDB DEFAULT CHARSET=utf8 DEFAULT CHARSET=utf8;
Feb 04 05:02:38 [info] INSERT INTO directus_schema_migrations (version) VALUES ('20150204041007')
Feb 04 05:02:38 [info] CREATE TABLE `directus_ui` (
`id` int(11) UNSIGNED NOT NULL,
`table_name` varchar(64),
`column_name` varchar(64),
`ui_name` varchar(200),
`name` varchar(200),
`value` text,
 PRIMARY KEY (`id`)) ENGINE=InnoDB DEFAULT CHARSET=utf8 DEFAULT CHARSET=utf8;
Feb 04 05:02:38 [info] CREATE UNIQUE INDEX `unique` ON `directus_ui`(`table_name`, `column_name`, `ui_name`, `name`)
Feb 04 05:02:38 [info] INSERT INTO directus_schema_migrations (version) VALUES ('20150204042025')
Feb 04 05:02:38 [info] CREATE TABLE `directus_users` (
`id` int(11) NOT NULL,
`active` tinyint(1),
`first_name` varchar(50),
`last_name` varchar(50),
`email` varchar(255),
`password` varchar(255),
`salt` varchar(255),
`token` varchar(255),
`reset_token` varchar(255),
`reset_expiration` datetime,
`position` varchar(500),
`email_messages` tinyint(1),
`last_login` datetime,
`last_access` datetime,
`last_page` varchar(255),
`ip` varchar(50),
`group` int(11),
`avatar` varchar(500),
`avatar_file_id` int(11),
`avatar_is_file` tinyint(1),
`location` varchar(255),
`phone` varchar(255),
`address` varchar(255),
`city` varchar(255),
`state` varchar(2),
`zip` varchar(10),
 PRIMARY KEY (`id`)) ENGINE=InnoDB DEFAULT CHARSET=utf8 DEFAULT CHARSET=utf8;
Feb 04 05:02:38 [info] INSERT INTO directus_schema_migrations (version) VALUES ('20150204042725')
